<?xml version="1.0" encoding="UTF-8"?>
<!-- Generated by org.testng.reporters.JUnitReportReporter -->
<testsuite hostname="Siddivinayak" failures="0" tests="4" name="automatedtest.HealthProgramsAndServices" time="14.891" errors="0" timestamp="2025-01-25T13:59:32 IST" skipped="0">
  <testcase classname="automatedtest.HealthProgramsAndServices" name="verifyHealthProgram_1" time="2.237"/>
  <system-out/>
  <testcase classname="automatedtest.HealthProgramsAndServices" name="verifyHealthProgram_2" time="2.694"/>
  <system-out/>
  <testcase classname="automatedtest.HealthProgramsAndServices" name="verifyHealthProgram_3" time="2.121"/>
  <system-out/>
  <testcase classname="automatedtest.HealthProgramsAndServices" name="verifyHealthProgram_4" time="7.839"/>
  <system-out/>
</testsuite> <!-- automatedtest.HealthProgramsAndServices -->
