<?xml version="1.0" encoding="UTF-8"?>
<!-- Generated by org.testng.reporters.JUnitReportReporter -->
<testsuite hostname="Siddivinayak" failures="0" tests="20" name="automatedtest.CapstoneProject" time="47.085" errors="0" timestamp="2025-01-25T21:05:21 IST" skipped="0">
  <testcase classname="automatedtest.CapstoneProject" name="verifyNavigationMenu" time="0.070"/>
  <system-out/>
  <testcase classname="automatedtest.CapstoneProject" name="verifyNavigationElement_1" time="0.050"/>
  <system-out/>
  <testcase classname="automatedtest.CapstoneProject" name="verifyNavigationElement_2" time="0.052"/>
  <system-out/>
  <testcase classname="automatedtest.CapstoneProject" name="verifyNavigationElement_3" time="0.051"/>
  <system-out/>
  <testcase classname="automatedtest.CapstoneProject" name="verifyNavigationElement_4" time="0.068"/>
  <system-out/>
  <testcase classname="automatedtest.CapstoneProject" name="verifyNavigationElement_5" time="0.062"/>
  <system-out/>
  <testcase classname="automatedtest.CapstoneProject" name="verifyNavigationElement_6" time="0.063"/>
  <system-out/>
  <testcase classname="automatedtest.CapstoneProject" name="verifyNavigationElement_7" time="0.058"/>
  <system-out/>
  <testcase classname="automatedtest.CapstoneProject" name="searchBarFunctionality" time="2.134"/>
  <system-out/>
  <testcase classname="automatedtest.CapstoneProject" name="verifyHealthProgram_1" time="1.555"/>
  <system-out/>
  <testcase classname="automatedtest.CapstoneProject" name="verifyHealthProgram_2" time="2.444"/>
  <system-out/>
  <testcase classname="automatedtest.CapstoneProject" name="verifyHealthProgram_3" time="1.908"/>
  <system-out/>
  <testcase classname="automatedtest.CapstoneProject" name="verifyHealthProgram_4" time="5.689"/>
  <system-out/>
  <testcase classname="automatedtest.CapstoneProject" name="contactUsPageAddress" time="1.769"/>
  <system-out/>
  <testcase classname="automatedtest.CapstoneProject" name="contactUsPageCallUs" time="0.956"/>
  <system-out/>
  <testcase classname="automatedtest.CapstoneProject" name="contactUsPageFax" time="0.825"/>
  <system-out/>
  <testcase classname="automatedtest.CapstoneProject" name="contactUsPageEmailUs" time="0.836"/>
  <system-out/>
  <testcase classname="automatedtest.CapstoneProject" name="verifyForm" time="4.882"/>
  <system-out/>
  <testcase classname="automatedtest.CapstoneProject" name="userLogin" time="16.496"/>
  <system-out/>
  <testcase classname="automatedtest.CapstoneProject" name="passwordRecovery" time="7.117"/>
  <system-out/>
</testsuite> <!-- automatedtest.CapstoneProject -->
