<?xml version="1.0" encoding="UTF-8"?>
<!-- Generated by org.testng.reporters.JUnitReportReporter -->
<testsuite hostname="Siddivinayak" failures="0" tests="9" name="automatedtest.HomePage" time="1.455" errors="0" timestamp="2025-01-25T03:17:04 IST" skipped="0">
  <testcase classname="automatedtest.HomePage" name="verifyNavigationMenu" time="0.047"/>
  <system-out/>
  <testcase classname="automatedtest.HomePage" name="verifyNavigationElement_1" time="0.035"/>
  <system-out/>
  <testcase classname="automatedtest.HomePage" name="verifyNavigationElement_2" time="0.044"/>
  <system-out/>
  <testcase classname="automatedtest.HomePage" name="verifyNavigationElement_3" time="0.021"/>
  <system-out/>
  <testcase classname="automatedtest.HomePage" name="verifyNavigationElement_4" time="0.022"/>
  <system-out/>
  <testcase classname="automatedtest.HomePage" name="verifyNavigationElement_5" time="0.029"/>
  <system-out/>
  <testcase classname="automatedtest.HomePage" name="verifyNavigationElement_6" time="0.021"/>
  <system-out/>
  <testcase classname="automatedtest.HomePage" name="verifyNavigationElement_7" time="0.022"/>
  <system-out/>
  <testcase classname="automatedtest.HomePage" name="searchBarFunctionality" time="1.214"/>
  <system-out/>
</testsuite> <!-- automatedtest.HomePage -->
