<?xml version="1.0" encoding="UTF-8"?>
<!-- Generated by org.testng.reporters.JUnitReportReporter -->
<testsuite hostname="Siddivinayak" failures="0" tests="7" name="testrunners.TestRunner" time="114.770" errors="0" timestamp="2025-01-27T01:30:50 IST" skipped="0">
  <testcase classname="testrunners.TestRunner" name="runScenario" time="12.007"/>
  <system-out/>
  <testcase classname="testrunners.TestRunner" name="runScenario" time="24.977"/>
  <system-out/>
  <testcase classname="testrunners.TestRunner" name="runScenario" time="20.733"/>
  <system-out/>
  <testcase classname="testrunners.TestRunner" name="runScenario" time="20.100"/>
  <system-out/>
  <testcase classname="testrunners.TestRunner" name="runScenario" time="12.134"/>
  <system-out/>
  <testcase classname="testrunners.TestRunner" name="runScenario" time="10.555"/>
  <system-out/>
  <testcase classname="testrunners.TestRunner" name="runScenario" time="14.264"/>
  <system-out/>
</testsuite> <!-- testrunners.TestRunner -->
