<?xml version="1.0" encoding="UTF-8"?>
<!-- Generated by org.testng.reporters.JUnitReportReporter -->
<testsuite hostname="Siddivinayak" failures="0" tests="2" name="automatedtest.UserAccountManagement" time="23.531" errors="0" timestamp="2025-01-25T13:59:32 IST" skipped="0">
  <testcase classname="automatedtest.UserAccountManagement" name="userLogin" time="16.323"/>
  <system-out/>
  <testcase classname="automatedtest.UserAccountManagement" name="passwordRecovery" time="7.208"/>
  <system-out/>
</testsuite> <!-- automatedtest.UserAccountManagement -->
