<?xml version="1.0" encoding="UTF-8"?>
<!-- Generated by org.testng.reporters.JUnitReportReporter -->
<testsuite hostname="Siddivinayak" failures="0" tests="4" name="automatedtest.ContactUsPage" time="4.368" errors="0" timestamp="2025-01-25T13:59:32 IST" skipped="0">
  <testcase classname="automatedtest.ContactUsPage" name="contactUsPageAddress" time="2.017"/>
  <system-out/>
  <testcase classname="automatedtest.ContactUsPage" name="contactUsPageCallUs" time="0.766"/>
  <system-out/>
  <testcase classname="automatedtest.ContactUsPage" name="contactUsPageFax" time="0.790"/>
  <system-out/>
  <testcase classname="automatedtest.ContactUsPage" name="contactUsPageEmailUs" time="0.795"/>
  <system-out/>
</testsuite> <!-- automatedtest.ContactUsPage -->
