<?xml version="1.0" encoding="UTF-8"?>
<!-- Generated by org.testng.reporters.JUnitReportReporter -->
<testsuite hostname="Siddivinayak" failures="0" tests="20" name="automatedtest.CapstoneProject" time="61.959" errors="0" timestamp="2025-01-26T22:57:24 IST" skipped="0">
  <testcase classname="automatedtest.CapstoneProject" name="verifyNavigationMenu" time="0.093"/>
  <system-out/>
  <testcase classname="automatedtest.CapstoneProject" name="verifyNavigationElement_1" time="0.076"/>
  <system-out/>
  <testcase classname="automatedtest.CapstoneProject" name="verifyNavigationElement_2" time="0.026"/>
  <system-out/>
  <testcase classname="automatedtest.CapstoneProject" name="verifyNavigationElement_3" time="0.028"/>
  <system-out/>
  <testcase classname="automatedtest.CapstoneProject" name="verifyNavigationElement_4" time="0.023"/>
  <system-out/>
  <testcase classname="automatedtest.CapstoneProject" name="verifyNavigationElement_5" time="0.050"/>
  <system-out/>
  <testcase classname="automatedtest.CapstoneProject" name="verifyNavigationElement_6" time="0.024"/>
  <system-out/>
  <testcase classname="automatedtest.CapstoneProject" name="verifyNavigationElement_7" time="0.022"/>
  <system-out/>
  <testcase classname="automatedtest.CapstoneProject" name="searchBarFunctionality" time="3.592"/>
  <system-out/>
  <testcase classname="automatedtest.CapstoneProject" name="verifyHealthProgram_1" time="2.510"/>
  <system-out/>
  <testcase classname="automatedtest.CapstoneProject" name="verifyHealthProgram_2" time="3.826"/>
  <system-out/>
  <testcase classname="automatedtest.CapstoneProject" name="verifyHealthProgram_3" time="3.014"/>
  <system-out/>
  <testcase classname="automatedtest.CapstoneProject" name="verifyHealthProgram_4" time="7.569"/>
  <system-out/>
  <testcase classname="automatedtest.CapstoneProject" name="contactUsPageAddress" time="5.849"/>
  <system-out/>
  <testcase classname="automatedtest.CapstoneProject" name="contactUsPageCallUs" time="1.065"/>
  <system-out/>
  <testcase classname="automatedtest.CapstoneProject" name="contactUsPageFax" time="0.999"/>
  <system-out/>
  <testcase classname="automatedtest.CapstoneProject" name="contactUsPageEmailUs" time="0.980"/>
  <system-out/>
  <testcase classname="automatedtest.CapstoneProject" name="verifyForm" time="5.406"/>
  <system-out/>
  <testcase classname="automatedtest.CapstoneProject" name="userLogin" time="19.300"/>
  <system-out/>
  <testcase classname="automatedtest.CapstoneProject" name="passwordRecovery" time="7.507"/>
  <system-out/>
</testsuite> <!-- automatedtest.CapstoneProject -->
