<?xml version="1.0" encoding="UTF-8"?>
<!-- Generated by org.testng.reporters.JUnitReportReporter -->
<testsuite hostname="Siddivinayak" failures="0" tests="20" name="automatedtest.CapstoneProject" time="46.693" errors="0" timestamp="2025-01-25T21:12:42 IST" skipped="0">
  <testcase classname="automatedtest.CapstoneProject" name="verifyNavigationMenu" time="0.098"/>
  <testcase classname="automatedtest.CapstoneProject" name="verifyNavigationElement_1" time="0.065"/>
  <testcase classname="automatedtest.CapstoneProject" name="verifyNavigationElement_2" time="0.083"/>
  <testcase classname="automatedtest.CapstoneProject" name="verifyNavigationElement_3" time="0.078"/>
  <testcase classname="automatedtest.CapstoneProject" name="verifyNavigationElement_4" time="0.035"/>
  <testcase classname="automatedtest.CapstoneProject" name="verifyNavigationElement_5" time="0.049"/>
  <testcase classname="automatedtest.CapstoneProject" name="verifyNavigationElement_6" time="0.066"/>
  <testcase classname="automatedtest.CapstoneProject" name="verifyNavigationElement_7" time="0.042"/>
  <testcase classname="automatedtest.CapstoneProject" name="searchBarFunctionality" time="2.212"/>
  <testcase classname="automatedtest.CapstoneProject" name="verifyHealthProgram_1" time="1.750"/>
  <testcase classname="automatedtest.CapstoneProject" name="verifyHealthProgram_2" time="2.679"/>
  <testcase classname="automatedtest.CapstoneProject" name="verifyHealthProgram_3" time="2.052"/>
  <testcase classname="automatedtest.CapstoneProject" name="verifyHealthProgram_4" time="4.696"/>
  <testcase classname="automatedtest.CapstoneProject" name="contactUsPageAddress" time="1.868"/>
  <testcase classname="automatedtest.CapstoneProject" name="contactUsPageCallUs" time="0.845"/>
  <testcase classname="automatedtest.CapstoneProject" name="contactUsPageFax" time="0.829"/>
  <testcase classname="automatedtest.CapstoneProject" name="contactUsPageEmailUs" time="0.810"/>
  <testcase classname="automatedtest.CapstoneProject" name="verifyForm" time="4.773"/>
  <testcase classname="automatedtest.CapstoneProject" name="userLogin" time="16.179"/>
  <testcase classname="automatedtest.CapstoneProject" name="passwordRecovery" time="7.484"/>
</testsuite> <!-- automatedtest.CapstoneProject -->
